TN:
SF:/home/zcky/Documents/personal project/spring-boot-vuejs-master/frontend/src/App.vue
FNF:0
FNH:0
DA:18,1
LF:1
LH:1
BRF:0
BRH:0
end_of_record
TN:
SF:/home/zcky/Documents/personal project/spring-boot-vuejs-master/frontend/src/components/Bootstrap.vue
FN:74,(anonymous_1)
FN:83,(anonymous_2)
FNF:2
FNH:0
FNDA:0,(anonymous_1)
FNDA:0,(anonymous_2)
DA:49,0
DA:55,0
DA:74,0
DA:77,0
DA:78,0
DA:79,0
DA:80,0
DA:81,0
DA:82,0
DA:85,0
LF:10
LH:0
BRF:0
BRH:0
end_of_record
TN:
SF:/home/zcky/Documents/personal project/spring-boot-vuejs-master/frontend/src/components/Service.vue
FN:30,(anonymous_1)
FN:35,(anonymous_2)
FNF:2
FNH:0
FNDA:0,(anonymous_1)
FNDA:0,(anonymous_2)
DA:15,0
DA:21,0
DA:30,0
DA:33,0
DA:34,0
DA:37,0
LF:6
LH:0
BRF:0
BRH:0
end_of_record
TN:
SF:/home/zcky/Documents/personal project/spring-boot-vuejs-master/frontend/src/components/User.vue
FN:49,(anonymous_1)
FN:56,(anonymous_2)
FN:62,(anonymous_3)
FN:68,(anonymous_4)
FNF:4
FNH:0
FNDA:0,(anonymous_1)
FNDA:0,(anonymous_2)
FNDA:0,(anonymous_3)
FNDA:0,(anonymous_4)
DA:23,1
DA:29,1
DA:45,0
DA:46,0
DA:47,0
DA:49,0
DA:52,0
DA:53,0
DA:54,0
DA:55,0
DA:58,0
DA:62,0
DA:65,0
DA:66,0
DA:67,0
DA:70,0
LF:16
LH:2
BRF:0
BRH:0
end_of_record
TN:
SF:/home/zcky/Documents/personal project/spring-boot-vuejs-master/frontend/src/components/http-common.js
FNF:0
FNH:0
DA:3,1
LF:1
LH:1
BRF:0
BRH:0
end_of_record
TN:
SF:/home/zcky/Documents/personal project/spring-boot-vuejs-master/frontend/src/components/Admin/Admin.vue
FN:30,(anonymous_1)
FN:35,(anonymous_2)
FNF:2
FNH:0
FNDA:0,(anonymous_1)
FNDA:0,(anonymous_2)
DA:14,0
DA:21,0
DA:30,0
DA:33,0
DA:34,0
DA:37,0
LF:6
LH:0
BRF:0
BRH:0
end_of_record
